#
# A fatal error has been detected by the Java Runtime Environment:
#
#  EXCEPTION_ACCESS_VIOLATION (0xc0000005) at pc=0x00007ffb865bbfc3, pid=8436, tid=18424
#
# JRE version: OpenJDK Runtime Environment Temurin-11.0.14.1+1 (11.0.14.1+1) (build 11.0.14.1+1)
# Java VM: OpenJDK 64-Bit Server VM Temurin-11.0.14.1+1 (11.0.14.1+1, mixed mode, tiered, compressed oops, g1 gc, windows-amd64)
# Problematic frame:
# V  [jvm.dll+0x37bfc3]
#
# No core dump will be written. Minidumps are not enabled by default on client versions of Windows
#
# If you would like to submit a bug report, please visit:
#   https://github.com/adoptium/adoptium-support/issues
#

---------------  S U M M A R Y ------------

Command Line: -XX:MaxGCPauseMillis=50 -agentlib:jdwp=transport=dt_shmem,address=javadebug -Dfile.encoding=UTF-8 bluej.runtime.ExecServer UTF-8

Host: Intel(R) Core(TM) i3-1005G1 CPU @ 1.20GHz, 4 cores, 7G,  Windows 11 , 64 bit Build 22621 (10.0.22621.1778)
Time: Tue Jun 20 13:10:55 2023 Eastern Daylight Time elapsed time: 7264.967374 seconds (0d 2h 1m 4s)

---------------  T H R E A D  ---------------

Current thread (0x0000027a12a33800):  JavaThread "AWT-Shutdown" [_thread_in_vm, id=18424, stack(0x000000cfd1f00000,0x000000cfd2000000)]

Stack: [0x000000cfd1f00000,0x000000cfd2000000],  sp=0x000000cfd1fff6a0,  free space=1021k
Native frames: (J=compiled Java code, j=interpreted, Vv=VM code, C=native code)
V  [jvm.dll+0x37bfc3]
V  [jvm.dll+0x61e4c2]
V  [jvm.dll+0x37caaa]
V  [jvm.dll+0x37cd37]
V  [jvm.dll+0x3f4751]
V  [jvm.dll+0x76d7c0]
V  [jvm.dll+0x766724]
